<?xml version="1.0" encoding="UTF-8"?>
<!-- Generated by org.testng.reporters.JUnitXMLReporter -->
<testsuite ignored="0" hostname="DESKTOP-OLMI7T4" failures="0" tests="3" name="Default test" time="11.33" errors="0" timestamp="2024-03-18T16:49:23 WAT">
  <testcase classname="BaseTest.GoogleTest" name="firstTest" time="0.033"/>
  <testcase classname="BaseTest.GoogleTest" name="SecondTest" time="0.093"/>
  <testcase classname="BaseTest.GoogleTest" name="thirdTest" time="0.06"/>
</testsuite> <!-- Default test -->
