<?xml version="1.0" encoding="UTF-8"?>
<testng-results ignored="0" total="3" passed="3" failed="0" skipped="0">
  <reporter-output>
  </reporter-output>
  <suite started-at="2024-03-18T17:53:27 WAT" name="Suite" finished-at="2024-03-18T17:54:59 WAT" duration-ms="91901">
    <groups>
    </groups>
    <test started-at="2024-03-18T17:53:27 WAT" name="Test" finished-at="2024-03-18T17:54:59 WAT" duration-ms="91901">
      <class name="BaseTest.GoogleTest">
        <test-method is-config="true" signature="build()[pri:0, instance:BaseTest.GoogleTest@648c94da]" started-at="2024-03-18T17:53:27 WAT" name="build" finished-at="2024-03-18T17:54:58 WAT" duration-ms="91276" status="PASS">
          <reporter-output>
          </reporter-output>
        </test-method> <!-- build -->
        <test-method signature="firstTest()[pri:1, instance:BaseTest.GoogleTest@648c94da]" started-at="2024-03-18T17:54:58 WAT" name="firstTest" finished-at="2024-03-18T17:54:58 WAT" duration-ms="47" status="PASS">
          <reporter-output>
          </reporter-output>
        </test-method> <!-- firstTest -->
        <test-method signature="SecondTest()[pri:2, instance:BaseTest.GoogleTest@648c94da]" started-at="2024-03-18T17:54:58 WAT" name="SecondTest" finished-at="2024-03-18T17:54:58 WAT" duration-ms="88" status="PASS">
          <reporter-output>
          </reporter-output>
        </test-method> <!-- SecondTest -->
        <test-method signature="thirdTest()[pri:3, instance:BaseTest.GoogleTest@648c94da]" started-at="2024-03-18T17:54:58 WAT" name="thirdTest" finished-at="2024-03-18T17:54:58 WAT" duration-ms="43" status="PASS">
          <reporter-output>
          </reporter-output>
        </test-method> <!-- thirdTest -->
        <test-method is-config="true" signature="tearDown()[pri:0, instance:BaseTest.GoogleTest@648c94da]" started-at="2024-03-18T17:54:58 WAT" name="tearDown" finished-at="2024-03-18T17:54:59 WAT" duration-ms="290" status="PASS">
          <reporter-output>
          </reporter-output>
        </test-method> <!-- tearDown -->
      </class> <!-- BaseTest.GoogleTest -->
    </test> <!-- Test -->
  </suite> <!-- Suite -->
</testng-results>
